<?xml version="1.0" encoding="UTF-8" ?>
<testsuite tests="22" failures="0" name="runner.TestRunner" time="0.002" errors="0" skipped="0">
  <properties>
[...]
</properties>
  <testcase classname="Scenario: " name="Given Ensure I perform POST operation for &quot;/posts&quot; with body as" time="0.002"/>
  <testcase classname="Scenario: " name="And I perform a DELETE operation for &quot;/posts/{postid}/&quot;" time="0"/>
  <testcase classname="Scenario: " name="And I perform a GET operation with path parameter for &quot;/posts/{postid}&quot;" time="0"/>
  <testcase classname="Scenario: " name="Then I should not see body with title &quot;layla&quot;" time="0"/>
  <testcase classname="Scenario: " name="Scenario: " time="0"/>
  <testcase classname="Scenario: Verify one author of the post" name="Given I perform GET operation for &quot;/posts&quot;" time="0"/>
  <testcase classname="Scenario: Verify one author of the post" name="Then I should see the author name as &quot;elliott&quot;" time="0"/>
  <testcase classname="Scenario: Verify one author of the post" name="Scenario: Verify one author of the post" time="0"/>
  <testcase classname="Scenario: Verify collection of authors in posts" name="Given I perform GET operation for &quot;/post&quot;" time="0"/>
  <testcase classname="Scenario: Verify collection of authors in posts" name="Then I should see the author names" time="0"/>
  <testcase classname="Scenario: Verify collection of authors in posts" name="Scenario: Verify collection of authors in posts" time="0"/>
  <testcase classname="Scenario: Verify parameter of GET" name="Given I perform GET operation for &quot;/post&quot;" time="0"/>
  <testcase classname="Scenario: Verify parameter of GET" name="Then I should see the GET parameter" time="0"/>
  <testcase classname="Scenario: Verify parameter of GET" name="Scenario: Verify parameter of GET" time="0"/>
  <testcase classname="Scenario: Verify query parameter of GET" name="Given I perform GET operation for &quot;/post&quot;" time="0"/>
  <testcase classname="Scenario: Verify query parameter of GET" name="Then I should see the GET query parameter" time="0"/>
  <testcase classname="Scenario: Verify query parameter of GET" name="Scenario: Verify query parameter of GET" time="0"/>
  <testcase classname="Scenario: Verify POST operation" name="Given I perform POST operation for &quot;/posts&quot;" time="0"/>
  <testcase classname="Scenario: Verify POST operation" name="Scenario: Verify POST operation" time="0"/>
  <testcase classname="Scenario: Verify POST operation for profile" name="Given I perform POST operation for &quot;/posts/{profileNo}/profile&quot; with body" time="0"/>
  <testcase classname="Scenario: Verify POST operation for profile" name="Then I should see the body name as &quot;serpentine&quot;" time="0"/>
  <testcase classname="Scenario: Verify POST operation for profile" name="Scenario: Verify POST operation for profile" time="0"/>
</testsuite>